<?xml version="1.0" encoding="UTF-8"?>
<testsuite name="com.aearwood.coordinator.AthleteRestControllerTest" time="0.027" tests="1" errors="1" skipped="0" failures="0">
  <properties>
    <property name="java.runtime.name" value="Java(TM) SE Runtime Environment"/>
    <property name="sun.boot.library.path" value="C:\Program Files\Java\jdk1.8.0_65\jre\bin"/>
    <property name="java.vm.version" value="25.65-b01"/>
    <property name="java.vm.vendor" value="Oracle Corporation"/>
    <property name="maven.multiModuleProjectDirectory" value="C:\Alan Development\Workspace\park-rec\website"/>
    <property name="java.vendor.url" value="http://java.oracle.com/"/>
    <property name="path.separator" value=";"/>
    <property name="guice.disable.misplaced.annotation.check" value="true"/>
    <property name="java.vm.name" value="Java HotSpot(TM) 64-Bit Server VM"/>
    <property name="file.encoding.pkg" value="sun.io"/>
    <property name="user.script" value=""/>
    <property name="user.country" value="US"/>
    <property name="sun.java.launcher" value="SUN_STANDARD"/>
    <property name="sun.os.patch.level" value=""/>
    <property name="java.vm.specification.name" value="Java Virtual Machine Specification"/>
    <property name="user.dir" value="C:\Alan Development\Workspace\park-rec\website"/>
    <property name="java.runtime.version" value="1.8.0_65-b17"/>
    <property name="java.awt.graphicsenv" value="sun.awt.Win32GraphicsEnvironment"/>
    <property name="java.endorsed.dirs" value="C:\Program Files\Java\jdk1.8.0_65\jre\lib\endorsed"/>
    <property name="os.arch" value="amd64"/>
    <property name="java.io.tmpdir" value="C:\Users\home\AppData\Local\Temp\"/>
    <property name="line.separator" value="&#10;"/>
    <property name="java.vm.specification.vendor" value="Oracle Corporation"/>
    <property name="user.variant" value=""/>
    <property name="os.name" value="Windows 10"/>
    <property name="classworlds.conf" value="C:\Alan Development\Workspace\.metadata\.plugins\org.eclipse.m2e.launching\launches\m2conf562350343582993774.tmp"/>
    <property name="sun.jnu.encoding" value="Cp1252"/>
    <property name="java.library.path" value="C:\Program Files\Java\jdk1.8.0_65\bin;C:\WINDOWS\Sun\Java\bin;C:\WINDOWS\system32;C:\WINDOWS;C:/Program Files/Java/jre1.8.0_65/bin/server;C:/Program Files/Java/jre1.8.0_65/bin;C:/Program Files/Java/jre1.8.0_65/lib/amd64;C:\ProgramData\Oracle\Java\javapath;C:\Program Files\Java\jdk1.8.0_65\bin;C:\Program Files (x86)\Intel\iCLS Client\;C:\Program Files\Intel\iCLS Client\;C:\WINDOWS\system32;C:\WINDOWS;C:\WINDOWS\System32\Wbem;C:\WINDOWS\System32\WindowsPowerShell\v1.0\;C:\Program Files\Intel\Intel(R) Management Engine Components\DAL;C:\Program Files\Intel\Intel(R) Management Engine Components\IPT;C:\Program Files (x86)\Intel\Intel(R) Management Engine Components\DAL;C:\Program Files (x86)\Intel\Intel(R) Management Engine Components\IPT;C:\Program Files (x86)\Skype\Phone\;C:\Users\home\AppData\Local\Microsoft\WindowsApps;;C:\Alan Development\Tools\Oxygen-J2EE\eclipse;;."/>
    <property name="java.specification.name" value="Java Platform API Specification"/>
    <property name="java.class.version" value="52.0"/>
    <property name="sun.management.compiler" value="HotSpot 64-Bit Tiered Compilers"/>
    <property name="os.version" value="10.0"/>
    <property name="user.home" value="C:\Users\home"/>
    <property name="user.timezone" value="America/New_York"/>
    <property name="java.awt.printerjob" value="sun.awt.windows.WPrinterJob"/>
    <property name="java.specification.version" value="1.8"/>
    <property name="file.encoding" value="Cp1252"/>
    <property name="user.name" value="home"/>
    <property name="java.class.path" value="/C:/Alan Development/Tools/Oxygen-J2EE/eclipse/plugins/org.eclipse.m2e.maven.runtime_1.8.0.20160921-2001/jars/plexus-classworlds-2.5.2.jar"/>
    <property name="java.vm.specification.version" value="1.8"/>
    <property name="sun.arch.data.model" value="64"/>
    <property name="java.home" value="C:\Program Files\Java\jdk1.8.0_65\jre"/>
    <property name="sun.java.command" value="org.codehaus.plexus.classworlds.launcher.Launcher -B test"/>
    <property name="java.specification.vendor" value="Oracle Corporation"/>
    <property name="user.language" value="en"/>
    <property name="awt.toolkit" value="sun.awt.windows.WToolkit"/>
    <property name="java.vm.info" value="mixed mode"/>
    <property name="java.version" value="1.8.0_65"/>
    <property name="java.ext.dirs" value="C:\Program Files\Java\jdk1.8.0_65\jre\lib\ext;C:\WINDOWS\Sun\Java\lib\ext"/>
    <property name="sun.boot.class.path" value="C:\Program Files\Java\jdk1.8.0_65\jre\lib\resources.jar;C:\Program Files\Java\jdk1.8.0_65\jre\lib\rt.jar;C:\Program Files\Java\jdk1.8.0_65\jre\lib\sunrsasign.jar;C:\Program Files\Java\jdk1.8.0_65\jre\lib\jsse.jar;C:\Program Files\Java\jdk1.8.0_65\jre\lib\jce.jar;C:\Program Files\Java\jdk1.8.0_65\jre\lib\charsets.jar;C:\Program Files\Java\jdk1.8.0_65\jre\lib\jfr.jar;C:\Program Files\Java\jdk1.8.0_65\jre\classes"/>
    <property name="java.vendor" value="Oracle Corporation"/>
    <property name="maven.home" value="C:\Alan Development\Workspace\park-rec\website\EMBEDDED"/>
    <property name="file.separator" value="\"/>
    <property name="java.vendor.url.bug" value="http://bugreport.sun.com/bugreport/"/>
    <property name="sun.cpu.endian" value="little"/>
    <property name="sun.io.unicode.encoding" value="UnicodeLittle"/>
    <property name="sun.desktop" value="windows"/>
    <property name="sun.cpu.isalist" value="amd64"/>
  </properties>
  <testcase name="createAthleteSuccess" classname="com.aearwood.coordinator.AthleteRestControllerTest" time="0.027">
    <error message="Unresolved compilation problem: &#10;	WithMockUser cannot be resolved to a type&#10;" type="java.lang.Error">java.lang.Error: Unresolved compilation problem: 
	WithMockUser cannot be resolved to a type

	at com.aearwood.coordinator.AthleteRestControllerTest.createAthleteSuccess(AthleteRestControllerTest.java:77)
</error>
    <system-out><![CDATA[
  .   ____          _            __ _ _
 /\\ / ___'_ __ _ _(_)_ __  __ _ \ \ \ \
( ( )\___ | '_ | '_| | '_ \/ _` | \ \ \ \
 \\/  ___)| |_)| | | | | || (_| |  ) ) ) )
  '  |____| .__|_| |_|_| |_\__, | / / / /
 =========|_|==============|___/=/_/_/_/
 :: Spring Boot ::        (v1.4.3.RELEASE)

2017-02-09 22:18:25.393  INFO 7516 --- [           main] c.a.c.AthleteRestControllerTest          : Starting AthleteRestControllerTest on Family-Laptop with PID 7516 (started by home in C:\Alan Development\Workspace\park-rec\website)
2017-02-09 22:18:25.395  INFO 7516 --- [           main] c.a.c.AthleteRestControllerTest          : No active profile set, falling back to default profiles: default
2017-02-09 22:18:25.914  INFO 7516 --- [           main] o.s.w.c.s.GenericWebApplicationContext   : Refreshing org.springframework.web.context.support.GenericWebApplicationContext@2bb3058: startup date [Thu Feb 09 22:18:25 EST 2017]; root of context hierarchy
2017-02-09 22:18:28.418  INFO 7516 --- [           main] s.w.s.m.m.a.RequestMappingHandlerAdapter : Looking for @ControllerAdvice: org.springframework.web.context.support.GenericWebApplicationContext@2bb3058: startup date [Thu Feb 09 22:18:25 EST 2017]; root of context hierarchy
2017-02-09 22:18:28.537  INFO 7516 --- [           main] s.w.s.m.m.a.RequestMappingHandlerMapping : Mapped "{[/api/v1/sports/athletes],methods=[GET]}" onto public org.springframework.http.ResponseEntity<java.util.Set<com.aearwood.coordinator.dto.AthleteDTO>> com.aearwood.coordinator.api.AthleteRestController.readAthletes()
2017-02-09 22:18:28.539  INFO 7516 --- [           main] s.w.s.m.m.a.RequestMappingHandlerMapping : Mapped "{[/api/v1/sports/athletes/{athleteId}],methods=[PUT]}" onto public java.lang.String com.aearwood.coordinator.api.AthleteRestController.editAthlete(java.lang.Integer,com.aearwood.coordinator.dto.AthleteCreateForm)
2017-02-09 22:18:28.539  INFO 7516 --- [           main] s.w.s.m.m.a.RequestMappingHandlerMapping : Mapped "{[/api/v1/sports/athletes/{athleteId}],methods=[GET]}" onto public org.springframework.http.ResponseEntity<com.aearwood.coordinator.dto.AthleteDTO> com.aearwood.coordinator.api.AthleteRestController.readAthlete(java.lang.Integer)
2017-02-09 22:18:28.540  INFO 7516 --- [           main] s.w.s.m.m.a.RequestMappingHandlerMapping : Mapped "{[/api/v1/sports/athletes/{athleteId}/teams],methods=[GET]}" onto public org.springframework.http.ResponseEntity<java.util.Set<com.aearwood.coordinator.dto.TeamDTO>> com.aearwood.coordinator.api.AthleteRestController.readTeams(java.lang.Integer)
2017-02-09 22:18:28.540  INFO 7516 --- [           main] s.w.s.m.m.a.RequestMappingHandlerMapping : Mapped "{[/api/v1/sports/athletes],methods=[POST]}" onto public org.springframework.http.ResponseEntity<com.aearwood.coordinator.dto.AthleteDTO> com.aearwood.coordinator.api.AthleteRestController.createAthlete(com.aearwood.coordinator.dto.AthleteCreateForm)
2017-02-09 22:18:28.591  INFO 7516 --- [           main] o.s.w.s.h.SimpleUrlHandlerMapping        : Mapped URL path [/webjars/**] onto handler of type [class org.springframework.web.servlet.resource.ResourceHttpRequestHandler]
2017-02-09 22:18:28.591  INFO 7516 --- [           main] o.s.w.s.h.SimpleUrlHandlerMapping        : Mapped URL path [/**] onto handler of type [class org.springframework.web.servlet.resource.ResourceHttpRequestHandler]
2017-02-09 22:18:28.661  INFO 7516 --- [           main] o.s.w.s.h.SimpleUrlHandlerMapping        : Mapped URL path [/**/favicon.ico] onto handler of type [class org.springframework.web.servlet.resource.ResourceHttpRequestHandler]
2017-02-09 22:18:29.726  INFO 7516 --- [           main] b.a.s.AuthenticationManagerConfiguration : 

Using default security password: f608f99d-1b14-47c6-86fe-a49e49aece40

2017-02-09 22:18:30.057  INFO 7516 --- [           main] o.s.s.w.DefaultSecurityFilterChain       : Creating filter chain: Ant [pattern='/css/**'], []
2017-02-09 22:18:30.057  INFO 7516 --- [           main] o.s.s.w.DefaultSecurityFilterChain       : Creating filter chain: Ant [pattern='/js/**'], []
2017-02-09 22:18:30.057  INFO 7516 --- [           main] o.s.s.w.DefaultSecurityFilterChain       : Creating filter chain: Ant [pattern='/images/**'], []
2017-02-09 22:18:30.057  INFO 7516 --- [           main] o.s.s.w.DefaultSecurityFilterChain       : Creating filter chain: Ant [pattern='/webjars/**'], []
2017-02-09 22:18:30.057  INFO 7516 --- [           main] o.s.s.w.DefaultSecurityFilterChain       : Creating filter chain: Ant [pattern='/**/favicon.ico'], []
2017-02-09 22:18:30.222  INFO 7516 --- [           main] o.s.s.w.DefaultSecurityFilterChain       : Creating filter chain: OrRequestMatcher [requestMatchers=[Ant [pattern='/**']]], [org.springframework.security.web.context.request.async.WebAsyncManagerIntegrationFilter@107bfcb2, org.springframework.security.web.context.SecurityContextPersistenceFilter@593a6726, org.springframework.security.web.header.HeaderWriterFilter@6cd64b3f, org.springframework.security.web.authentication.logout.LogoutFilter@36327cec, org.springframework.security.web.authentication.www.BasicAuthenticationFilter@194d329e, org.springframework.security.web.savedrequest.RequestCacheAwareFilter@6dab01d9, org.springframework.security.web.servletapi.SecurityContextHolderAwareRequestFilter@37637a24, org.springframework.security.web.authentication.AnonymousAuthenticationFilter@7bac686b, org.springframework.security.web.session.SessionManagementFilter@43c87306, org.springframework.security.web.access.ExceptionTranslationFilter@5478ce1e, org.springframework.security.web.access.intercept.FilterSecurityInterceptor@4d68b571]
2017-02-09 22:18:30.271  INFO 7516 --- [           main] o.s.b.t.m.w.SpringBootMockServletContext : Initializing Spring FrameworkServlet ''
2017-02-09 22:18:30.272  INFO 7516 --- [           main] o.s.t.w.s.TestDispatcherServlet          : FrameworkServlet '': initialization started
2017-02-09 22:18:30.296  INFO 7516 --- [           main] o.s.t.w.s.TestDispatcherServlet          : FrameworkServlet '': initialization completed in 24 ms
2017-02-09 22:18:30.410  INFO 7516 --- [           main] c.a.c.AthleteRestControllerTest          : Started AthleteRestControllerTest in 6.029 seconds (JVM running for 7.666)
]]></system-out>
    <system-err><![CDATA[ERROR StatusLogger No log4j2 configuration file found. Using default configuration: logging only errors to the console.
]]></system-err>
  </testcase>
</testsuite>