<?xml version="1.0" encoding="UTF-8"?>
<testsuite name="com.aearwood.coordinator.api.AthleteRestControllerTest" time="0.524" tests="1" errors="0" skipped="0" failures="1">
  <properties>
    <property name="java.runtime.name" value="Java(TM) SE Runtime Environment"/>
    <property name="sun.boot.library.path" value="C:\Program Files\Java\jdk1.8.0_65\jre\bin"/>
    <property name="java.vm.version" value="25.65-b01"/>
    <property name="java.vm.vendor" value="Oracle Corporation"/>
    <property name="maven.multiModuleProjectDirectory" value="C:\Alan Development\Workspace\park-rec\website"/>
    <property name="java.vendor.url" value="http://java.oracle.com/"/>
    <property name="path.separator" value=";"/>
    <property name="guice.disable.misplaced.annotation.check" value="true"/>
    <property name="java.vm.name" value="Java HotSpot(TM) 64-Bit Server VM"/>
    <property name="file.encoding.pkg" value="sun.io"/>
    <property name="user.script" value=""/>
    <property name="user.country" value="US"/>
    <property name="sun.java.launcher" value="SUN_STANDARD"/>
    <property name="sun.os.patch.level" value=""/>
    <property name="java.vm.specification.name" value="Java Virtual Machine Specification"/>
    <property name="user.dir" value="C:\Alan Development\Workspace\park-rec\website"/>
    <property name="java.runtime.version" value="1.8.0_65-b17"/>
    <property name="java.awt.graphicsenv" value="sun.awt.Win32GraphicsEnvironment"/>
    <property name="java.endorsed.dirs" value="C:\Program Files\Java\jdk1.8.0_65\jre\lib\endorsed"/>
    <property name="os.arch" value="amd64"/>
    <property name="java.io.tmpdir" value="C:\Users\home\AppData\Local\Temp\"/>
    <property name="line.separator" value="&#10;"/>
    <property name="java.vm.specification.vendor" value="Oracle Corporation"/>
    <property name="user.variant" value=""/>
    <property name="os.name" value="Windows 10"/>
    <property name="classworlds.conf" value="C:\Alan Development\Workspace\.metadata\.plugins\org.eclipse.m2e.launching\launches\m2conf126160938637288023.tmp"/>
    <property name="sun.jnu.encoding" value="Cp1252"/>
    <property name="java.library.path" value="C:\Program Files\Java\jdk1.8.0_65\bin;C:\WINDOWS\Sun\Java\bin;C:\WINDOWS\system32;C:\WINDOWS;C:/Program Files/Java/jre1.8.0_65/bin/server;C:/Program Files/Java/jre1.8.0_65/bin;C:/Program Files/Java/jre1.8.0_65/lib/amd64;C:\ProgramData\Oracle\Java\javapath;C:\Program Files\Java\jdk1.8.0_65\bin;C:\Program Files (x86)\Intel\iCLS Client\;C:\Program Files\Intel\iCLS Client\;C:\WINDOWS\system32;C:\WINDOWS;C:\WINDOWS\System32\Wbem;C:\WINDOWS\System32\WindowsPowerShell\v1.0\;C:\Program Files\Intel\Intel(R) Management Engine Components\DAL;C:\Program Files\Intel\Intel(R) Management Engine Components\IPT;C:\Program Files (x86)\Intel\Intel(R) Management Engine Components\DAL;C:\Program Files (x86)\Intel\Intel(R) Management Engine Components\IPT;C:\Program Files (x86)\Skype\Phone\;C:\Users\home\AppData\Local\Microsoft\WindowsApps;;C:\Alan Development\Tools\Oxygen-J2EE\eclipse;;."/>
    <property name="java.specification.name" value="Java Platform API Specification"/>
    <property name="java.class.version" value="52.0"/>
    <property name="sun.management.compiler" value="HotSpot 64-Bit Tiered Compilers"/>
    <property name="os.version" value="10.0"/>
    <property name="user.home" value="C:\Users\home"/>
    <property name="user.timezone" value="America/New_York"/>
    <property name="java.awt.printerjob" value="sun.awt.windows.WPrinterJob"/>
    <property name="java.specification.version" value="1.8"/>
    <property name="file.encoding" value="Cp1252"/>
    <property name="user.name" value="home"/>
    <property name="java.class.path" value="/C:/Alan Development/Tools/Oxygen-J2EE/eclipse/plugins/org.eclipse.m2e.maven.runtime_1.8.0.20160921-2001/jars/plexus-classworlds-2.5.2.jar"/>
    <property name="java.vm.specification.version" value="1.8"/>
    <property name="sun.arch.data.model" value="64"/>
    <property name="java.home" value="C:\Program Files\Java\jdk1.8.0_65\jre"/>
    <property name="sun.java.command" value="org.codehaus.plexus.classworlds.launcher.Launcher -B test"/>
    <property name="java.specification.vendor" value="Oracle Corporation"/>
    <property name="user.language" value="en"/>
    <property name="awt.toolkit" value="sun.awt.windows.WToolkit"/>
    <property name="java.vm.info" value="mixed mode"/>
    <property name="java.version" value="1.8.0_65"/>
    <property name="java.ext.dirs" value="C:\Program Files\Java\jdk1.8.0_65\jre\lib\ext;C:\WINDOWS\Sun\Java\lib\ext"/>
    <property name="sun.boot.class.path" value="C:\Program Files\Java\jdk1.8.0_65\jre\lib\resources.jar;C:\Program Files\Java\jdk1.8.0_65\jre\lib\rt.jar;C:\Program Files\Java\jdk1.8.0_65\jre\lib\sunrsasign.jar;C:\Program Files\Java\jdk1.8.0_65\jre\lib\jsse.jar;C:\Program Files\Java\jdk1.8.0_65\jre\lib\jce.jar;C:\Program Files\Java\jdk1.8.0_65\jre\lib\charsets.jar;C:\Program Files\Java\jdk1.8.0_65\jre\lib\jfr.jar;C:\Program Files\Java\jdk1.8.0_65\jre\classes"/>
    <property name="java.vendor" value="Oracle Corporation"/>
    <property name="maven.home" value="C:\Alan Development\Workspace\park-rec\website\EMBEDDED"/>
    <property name="file.separator" value="\"/>
    <property name="java.vendor.url.bug" value="http://bugreport.sun.com/bugreport/"/>
    <property name="sun.cpu.endian" value="little"/>
    <property name="sun.io.unicode.encoding" value="UnicodeLittle"/>
    <property name="sun.desktop" value="windows"/>
    <property name="sun.cpu.isalist" value="amd64"/>
  </properties>
  <testcase name="createAthleteSuccess" classname="com.aearwood.coordinator.api.AthleteRestControllerTest" time="0.524">
    <failure message="No value at JSON path &quot;@.age&quot;, exception: json can not be null or empty" type="java.lang.AssertionError">java.lang.AssertionError: No value at JSON path "@.age", exception: json can not be null or empty
	at org.springframework.test.util.JsonPathExpectationsHelper.evaluateJsonPath(JsonPathExpectationsHelper.java:245)
	at org.springframework.test.util.JsonPathExpectationsHelper.assertValue(JsonPathExpectationsHelper.java:73)
	at org.springframework.test.web.servlet.result.JsonPathResultMatchers$1.match(JsonPathResultMatchers.java:86)
	at org.springframework.test.web.servlet.MockMvc$1.andExpect(MockMvc.java:171)
	at com.aearwood.coordinator.api.AthleteRestControllerTest.createAthleteSuccess(AthleteRestControllerTest.java:159)
</failure>
    <system-out><![CDATA[
  .   ____          _            __ _ _
 /\\ / ___'_ __ _ _(_)_ __  __ _ \ \ \ \
( ( )\___ | '_ | '_| | '_ \/ _` | \ \ \ \
 \\/  ___)| |_)| | | | | || (_| |  ) ) ) )
  '  |____| .__|_| |_|_| |_\__, | / / / /
 =========|_|==============|___/=/_/_/_/
 :: Spring Boot ::        (v1.4.3.RELEASE)

2017-02-13 15:49:26.097  INFO 8144 --- [           main] c.a.c.a.AthleteRestControllerTest        : Starting AthleteRestControllerTest on Family-Laptop with PID 8144 (started by home in C:\Alan Development\Workspace\park-rec\website)
2017-02-13 15:49:26.099  INFO 8144 --- [           main] c.a.c.a.AthleteRestControllerTest        : No active profile set, falling back to default profiles: default
2017-02-13 15:49:26.561  INFO 8144 --- [           main] o.s.w.c.s.GenericWebApplicationContext   : Refreshing org.springframework.web.context.support.GenericWebApplicationContext@76a2ddf3: startup date [Mon Feb 13 15:49:26 EST 2017]; root of context hierarchy
2017-02-13 15:49:28.649  INFO 8144 --- [           main] s.w.s.m.m.a.RequestMappingHandlerAdapter : Looking for @ControllerAdvice: org.springframework.web.context.support.GenericWebApplicationContext@76a2ddf3: startup date [Mon Feb 13 15:49:26 EST 2017]; root of context hierarchy
2017-02-13 15:49:28.773  INFO 8144 --- [           main] s.w.s.m.m.a.RequestMappingHandlerMapping : Mapped "{[/api/v1/sports/athletes],methods=[POST]}" onto public org.springframework.http.ResponseEntity<com.aearwood.coordinator.dto.AthleteDTO> com.aearwood.coordinator.api.AthleteRestController.createAthlete(com.aearwood.coordinator.dto.AthleteDTO)
2017-02-13 15:49:28.774  INFO 8144 --- [           main] s.w.s.m.m.a.RequestMappingHandlerMapping : Mapped "{[/api/v1/sports/athletes/{athleteId}/teams],methods=[GET]}" onto public org.springframework.http.ResponseEntity<java.util.Set<com.aearwood.coordinator.dto.TeamDTO>> com.aearwood.coordinator.api.AthleteRestController.readTeams(java.lang.Integer)
2017-02-13 15:49:28.775  INFO 8144 --- [           main] s.w.s.m.m.a.RequestMappingHandlerMapping : Mapped "{[/api/v1/sports/athletes/{athleteId}],methods=[PUT]}" onto public java.lang.String com.aearwood.coordinator.api.AthleteRestController.editAthlete(java.lang.Integer,com.aearwood.coordinator.dto.AthleteCreateForm)
2017-02-13 15:49:28.775  INFO 8144 --- [           main] s.w.s.m.m.a.RequestMappingHandlerMapping : Mapped "{[/api/v1/sports/athletes/{athleteId}],methods=[GET]}" onto public org.springframework.http.ResponseEntity<com.aearwood.coordinator.dto.AthleteDTO> com.aearwood.coordinator.api.AthleteRestController.readAthlete(java.lang.Integer)
2017-02-13 15:49:28.775  INFO 8144 --- [           main] s.w.s.m.m.a.RequestMappingHandlerMapping : Mapped "{[/api/v1/sports/athletes],methods=[GET]}" onto public org.springframework.http.ResponseEntity<java.util.Set<com.aearwood.coordinator.dto.AthleteDTO>> com.aearwood.coordinator.api.AthleteRestController.readAthletes()
2017-02-13 15:49:28.826  INFO 8144 --- [           main] o.s.w.s.h.SimpleUrlHandlerMapping        : Mapped URL path [/webjars/**] onto handler of type [class org.springframework.web.servlet.resource.ResourceHttpRequestHandler]
2017-02-13 15:49:28.827  INFO 8144 --- [           main] o.s.w.s.h.SimpleUrlHandlerMapping        : Mapped URL path [/**] onto handler of type [class org.springframework.web.servlet.resource.ResourceHttpRequestHandler]
2017-02-13 15:49:28.889  INFO 8144 --- [           main] o.s.w.s.h.SimpleUrlHandlerMapping        : Mapped URL path [/**/favicon.ico] onto handler of type [class org.springframework.web.servlet.resource.ResourceHttpRequestHandler]
2017-02-13 15:49:29.478  INFO 8144 --- [           main] o.s.b.t.m.w.SpringBootMockServletContext : Initializing Spring FrameworkServlet ''
2017-02-13 15:49:29.478  INFO 8144 --- [           main] o.s.t.w.s.TestDispatcherServlet          : FrameworkServlet '': initialization started
2017-02-13 15:49:29.501  INFO 8144 --- [           main] o.s.t.w.s.TestDispatcherServlet          : FrameworkServlet '': initialization completed in 23 ms
2017-02-13 15:49:29.594  INFO 8144 --- [           main] c.a.c.a.AthleteRestControllerTest        : Started AthleteRestControllerTest in 4.2 seconds (JVM running for 5.446)

MockHttpServletRequest:
      HTTP Method = POST
      Request URI = /api/v1/sports/athletes
       Parameters = {}
          Headers = {Accept=[application/json;charset=UTF-8], Content-Type=[application/json;charset=UTF-8]}

Handler:
             Type = com.aearwood.coordinator.api.AthleteRestController
           Method = public org.springframework.http.ResponseEntity<com.aearwood.coordinator.dto.AthleteDTO> com.aearwood.coordinator.api.AthleteRestController.createAthlete(com.aearwood.coordinator.dto.AthleteDTO)

Async:
    Async started = false
     Async result = null

Resolved Exception:
             Type = null

ModelAndView:
        View name = null
             View = null
            Model = null

FlashMap:
       Attributes = null

MockHttpServletResponse:
           Status = 201
    Error message = null
          Headers = {}
     Content type = null
             Body = 
    Forwarded URL = null
   Redirected URL = null
          Cookies = []
]]></system-out>
    <system-err><![CDATA[ERROR StatusLogger No log4j2 configuration file found. Using default configuration: logging only errors to the console.
]]></system-err>
  </testcase>
</testsuite>